[32minfo[39m: [32mCan't find /api/v1/posts on this sever![39m {"service":"user-service"}
[32minfo[39m: [32mCan't find /auth/google on this sever![39m {"service":"user-service"}
[32minfo[39m: [32mCan't find /auth/google on this sever![39m {"service":"user-service"}
[32minfo[39m: [32mCan't find /auth/google on this sever![39m {"service":"user-service"}
[32minfo[39m: [32mCan't find /auth/google on this sever![39m {"service":"user-service"}
[32minfo[39m: [32mCan't find /auth/google on this sever![39m {"service":"user-service"}
[32minfo[39m: [32mCan't find /google on this sever![39m {"service":"user-service"}
[32minfo[39m: [32mCan't find /auth/google on this sever![39m {"service":"user-service"}
[32minfo[39m: [32mCan't find /auth/google/callback?code=4%2F0AVHEtk5ojcO03akKFO3zumfyDBlGxogyKPA6LSwhgvNggHCsaHTu5Ek3-hEksm05iJwMVA&scope=email+profile+https%3A%2F%2Fwww.googleapis.com%2Fauth%2Fuserinfo.profile+https%3A%2F%2Fwww.googleapis.com%2Fauth%2Fuserinfo.email+openid&authuser=0&prompt=consent on this sever![39m {"service":"user-service"}
[32minfo[39m: [32mCan't find /auth/google/callback?code=4%2F0AVHEtk6x98kbIDKE_i88ZSAFEcOcZx8fT0a4cWViy_s5ClA4ObxemoE5VP2JnNlkw0nODg&scope=email+profile+https%3A%2F%2Fwww.googleapis.com%2Fauth%2Fuserinfo.profile+https%3A%2F%2Fwww.googleapis.com%2Fauth%2Fuserinfo.email+openid&authuser=0&prompt=consent on this sever![39m {"service":"user-service"}
[32minfo[39m: [32mCan't find /auth/google/callback?code=4%2F0AVHEtk4SLTio3UTL-Bd5H2qXLKb2dSUWRteE9tkIk9cLGHagyNeCPF7iq0kMASWB3QC6FQ&scope=email+profile+https%3A%2F%2Fwww.googleapis.com%2Fauth%2Fuserinfo.profile+https%3A%2F%2Fwww.googleapis.com%2Fauth%2Fuserinfo.email+openid&authuser=0&prompt=consent on this sever![39m {"service":"user-service"}
[32minfo[39m: [32mCan't find /api/current_user on this sever![39m {"service":"user-service"}
[32minfo[39m: [32mCan't find /favicon.ico on this sever![39m {"service":"user-service"}
[32minfo[39m: [32mCan't find /auth/google/callback?code=4%2F0AVHEtk5RwpVYCkBzzAwSLzk0D0y6nCLkkzILBiUQ964iWHDwDFHJcOYksEoCIRpvnodrcw&scope=email+profile+https%3A%2F%2Fwww.googleapis.com%2Fauth%2Fuserinfo.profile+https%3A%2F%2Fwww.googleapis.com%2Fauth%2Fuserinfo.email+openid&authuser=0&prompt=consent on this sever![39m {"service":"user-service"}
[32minfo[39m: [32mCan't find /auth/google/callback?code=4%2F0AVHEtk5bZ3AeqjWnAhylOdNFqczjY7QedltRz6gwXCjm5VVDjYVC4cUD6EN0_NxaIQsP9A&scope=email+profile+https%3A%2F%2Fwww.googleapis.com%2Fauth%2Fuserinfo.profile+https%3A%2F%2Fwww.googleapis.com%2Fauth%2Fuserinfo.email+openid&authuser=0&prompt=consent on this sever![39m {"service":"user-service"}
[32minfo[39m: [32mCan't find /auth/google/callback?code=4%2F0AVHEtk6i2KolzelCTlAxeysAFYoZqlkHeWsZbdThU6hxwDUGBu8URPA2WoGl1HgY1veY6w&scope=email+profile+https%3A%2F%2Fwww.googleapis.com%2Fauth%2Fuserinfo.profile+https%3A%2F%2Fwww.googleapis.com%2Fauth%2Fuserinfo.email+openid&authuser=0&prompt=consent on this sever![39m {"service":"user-service"}
[32minfo[39m: [32mCan't find /auth/google/callback?code=4%2F0AVHEtk423N04h6CwytvGE3TLFgu8yb0kcDvj0lp8iaHygTJVF4PMWvoTwRAmvm72NFGDmg&scope=email+profile+https%3A%2F%2Fwww.googleapis.com%2Fauth%2Fuserinfo.profile+https%3A%2F%2Fwww.googleapis.com%2Fauth%2Fuserinfo.email+openid&authuser=0&prompt=consent on this sever![39m {"service":"user-service"}
[32minfo[39m: [32mCan't find /api/current_user on this sever![39m {"service":"user-service"}
[32minfo[39m: [32mCan't find /auth/google/callback?code=4%2F0AVHEtk4lrK-C2vLXcLKcJ2E3P8RzeE_cjyWkH87b7oDNXQf-DPR3VogS0lie-FgJCNWYFw&scope=email+profile+https%3A%2F%2Fwww.googleapis.com%2Fauth%2Fuserinfo.profile+https%3A%2F%2Fwww.googleapis.com%2Fauth%2Fuserinfo.email+openid&authuser=0&prompt=consent on this sever![39m {"service":"user-service"}
[32minfo[39m: [32mCan't find /google on this sever![39m {"service":"user-service"}
[32minfo[39m: [32mCan't find /google on this sever![39m {"service":"user-service"}
[32minfo[39m: [32mCan't find /auth/google on this sever![39m {"service":"user-service"}
[32minfo[39m: [32mCan't find /auth/google/callback?code=4%2F0AVHEtk5MInLno_DTABoeeKsqBmZMrbvQwxelefK-ds0OoYtZCjqOgvpXgayFqDPOG8pmQg&scope=email+profile+https%3A%2F%2Fwww.googleapis.com%2Fauth%2Fuserinfo.profile+https%3A%2F%2Fwww.googleapis.com%2Fauth%2Fuserinfo.email+openid&authuser=0&prompt=consent on this sever![39m {"service":"user-service"}
[32minfo[39m: [32mCan't find /auth/google/callback?code=4%2F0AVHEtk5Ej_kw4fH8jp7gg8HLSwHA1R-dTEqw0tAo-Non5G-pMW6YqfMdRYR_reOsuvMhQg&scope=email+profile+https%3A%2F%2Fwww.googleapis.com%2Fauth%2Fuserinfo.profile+https%3A%2F%2Fwww.googleapis.com%2Fauth%2Fuserinfo.email+openid&authuser=0&prompt=consent on this sever![39m {"service":"user-service"}
[32minfo[39m: [32mCan't find /auth/google/callback?code=4%2F0AVHEtk4yVGBcNAi5a6AwSEZT1d0ZoVserQcoMmZY0MVlOVT4BMOHmC0X7PIwi1Vs87unKg&scope=email+profile+https%3A%2F%2Fwww.googleapis.com%2Fauth%2Fuserinfo.profile+https%3A%2F%2Fwww.googleapis.com%2Fauth%2Fuserinfo.email+openid&authuser=0&prompt=consent on this sever![39m {"service":"user-service"}
[32minfo[39m: [32mCan't find /auth/google/callback?code=4%2F0AVHEtk5Zek5JepnAw5tsyO6La6O6_EuNMZoxPOrCRlrbkItDPBCaGDkop3okAM5JjkEPvg&scope=email+profile+https%3A%2F%2Fwww.googleapis.com%2Fauth%2Fuserinfo.profile+https%3A%2F%2Fwww.googleapis.com%2Fauth%2Fuserinfo.email+openid&authuser=0&prompt=consent on this sever![39m {"service":"user-service"}
[32minfo[39m: [32mCan't find /auth/google/callback?code=4%2F0AVHEtk5unCVPDsi0G6yH4wK-606xKpyPdMzQ2N_u_NeoDR9KRNHEeky9MTyRX2vxYe0s-Q&scope=email+profile+https%3A%2F%2Fwww.googleapis.com%2Fauth%2Fuserinfo.profile+https%3A%2F%2Fwww.googleapis.com%2Fauth%2Fuserinfo.email+openid&authuser=0&prompt=consent on this sever![39m {"service":"user-service"}
[32minfo[39m: [32mCan't find /auth/google/callback?code=4%2F0AVHEtk5unCVPDsi0G6yH4wK-606xKpyPdMzQ2N_u_NeoDR9KRNHEeky9MTyRX2vxYe0s-Q&scope=email+profile+https%3A%2F%2Fwww.googleapis.com%2Fauth%2Fuserinfo.profile+https%3A%2F%2Fwww.googleapis.com%2Fauth%2Fuserinfo.email+openid&authuser=0&prompt=consent on this sever![39m {"service":"user-service"}
[32minfo[39m: [32mCan't find /auth/google on this sever![39m {"service":"user-service"}
[32minfo[39m: [32mCan't find /auth/google/callback?code=4%2F0AVHEtk4oT0cZEFtwtcVMlmgTG_is8zS0HsSriXV-BSMT588QX5boQqcauPADVT4QQQ_-8Q&scope=email+profile+https%3A%2F%2Fwww.googleapis.com%2Fauth%2Fuserinfo.profile+https%3A%2F%2Fwww.googleapis.com%2Fauth%2Fuserinfo.email+openid&authuser=0&prompt=consent on this sever![39m {"service":"user-service"}
[32minfo[39m: [32mCan't find /api/v1/users/logIn on this sever![39m {"service":"user-service"}
[32minfo[39m: [32mCan't find /api/v1/users on this sever![39m {"service":"user-service"}
[32minfo[39m: [32mCan't find /api/v1/users on this sever![39m {"service":"user-service"}
[32minfo[39m: [32mCan't find /api/v1/users on this sever![39m {"service":"user-service"}
[32minfo[39m: [32mCan't find /api/v1/users on this sever![39m {"service":"user-service"}
[32minfo[39m: [32mCan't find /api/v1/users on this sever![39m {"service":"user-service"}
[32minfo[39m: [32mCan't find /api/v1/users/logIn on this sever![39m {"service":"user-service"}
[32minfo[39m: [32mCan't find /api/v1/posts on this sever![39m {"service":"user-service"}
[32minfo[39m: [32mCan't find /api/v1/users on this sever![39m {"service":"user-service"}
[32minfo[39m: [32mCan't find /api/v1/posts on this sever![39m {"service":"user-service"}
[32minfo[39m: [32mCan't find /api/v1/posts on this sever![39m {"service":"user-service"}
[32minfo[39m: [32mCan't find /api/v1/posts on this sever![39m {"service":"user-service"}
[32minfo[39m: [32mCan't find /google on this sever![39m {"service":"user-service"}
[32minfo[39m: [32mCan't find /auth/google on this sever![39m {"service":"user-service"}
[32minfo[39m: [32mCan't find /auth/google on this sever![39m {"service":"user-service"}
[32minfo[39m: [32mCan't find /auth/google on this sever![39m {"service":"user-service"}
[32minfo[39m: [32mCan't find /auth/google on this sever![39m {"service":"user-service"}
[32minfo[39m: [32mCan't find /auth/google/callback?code=4%2F0AVHEtk4VE6wabzgFqaOC26GIP1k9s0eBs4mdA7snvcRT_OArPC3oI_LJlFfiR_LwIsz3jA&scope=email+profile+https%3A%2F%2Fwww.googleapis.com%2Fauth%2Fuserinfo.profile+https%3A%2F%2Fwww.googleapis.com%2Fauth%2Fuserinfo.email+openid&authuser=0&prompt=consent on this sever![39m {"service":"user-service"}
[32minfo[39m: [32mCan't find /auth/google/callback?code=4%2F0AVHEtk7XWGCc03luLQ-B4PhoI1XYPcGO6qKGqCq2UnaI3ZLWbVcAZz8RauBXRr708qtuvQ&scope=email+profile+https%3A%2F%2Fwww.googleapis.com%2Fauth%2Fuserinfo.profile+https%3A%2F%2Fwww.googleapis.com%2Fauth%2Fuserinfo.email+openid&authuser=0&prompt=consent on this sever![39m {"service":"user-service"}
